[2018-07-12T00:55:42.547] [DEBUG] cheese - 1017066933852622850
[2018-07-12T00:55:44.078] [DEBUG] cheese - success 0 724225168860549120
[2018-07-12T00:55:49.892] [DEBUG] cheese - success 1 804583519183716353
[2018-07-12T00:55:55.728] [DEBUG] cheese - success 2 791129938506158080
[2018-07-12T00:56:01.686] [DEBUG] cheese - success 3 3196797619
[2018-07-12T00:56:07.514] [DEBUG] cheese - success 4 2925511730
[2018-07-12T00:56:13.167] [WARN] cheese - [ { code: 158, message: 'You can\'t follow yourself.' } ]
[2018-07-12T00:56:19.008] [DEBUG] cheese - success 6 1464117607
[2018-07-12T00:56:24.811] [DEBUG] cheese - success 7 2956602396
[2018-07-12T00:56:30.647] [DEBUG] cheese - success 8 2184646999
[2018-07-12T00:56:36.483] [DEBUG] cheese - success 9 1001996489441202176
[2018-07-12T00:56:42.228] [DEBUG] cheese - success 10 976383995360374784
[2018-07-12T01:13:34.003] [WARN] task - [ { code: 158, message: 'You can\'t follow yourself.' } ]
[2018-07-12T01:15:40.935] [DEBUG] task - 1017066933852622850
[2018-07-12T01:15:42.386] [DEBUG] task - success 0 724225168860549120
[2018-07-12T01:15:48.295] [DEBUG] task - success 1 804583519183716353
[2018-07-12T01:15:54.132] [DEBUG] task - success 2 791129938506158080
[2018-07-12T01:15:59.879] [DEBUG] task - success 3 3196797619
[2018-07-12T01:16:05.703] [DEBUG] task - success 4 2925511730
[2018-07-12T01:19:40.859] [DEBUG] task - 1017066933852622850
[2018-07-12T01:19:42.297] [DEBUG] task - success 0 724225168860549120
[2018-07-12T01:19:48.128] [DEBUG] task - success 1 804583519183716353
[2018-07-12T01:19:53.963] [DEBUG] task - success 2 791129938506158080
[2018-07-12T01:19:59.806] [DEBUG] task - success 3 3196797619
[2018-07-12T01:20:05.739] [DEBUG] task - success 4 2925511730
[2018-07-12T01:20:11.412] [WARN] task - [ { code: 158, message: 'You can\'t follow yourself.' } ]
[2018-07-12T01:20:17.311] [DEBUG] task - success 6 1464117607
[2018-07-12T01:20:23.067] [DEBUG] task - success 7 2956602396
[2018-07-12T01:20:28.819] [DEBUG] task - success 8 2184646999
[2018-07-12T01:20:34.594] [DEBUG] task - success 9 1001996489441202176
[2018-07-12T01:20:40.453] [DEBUG] task - success 10 976383995360374784
[2018-07-12T01:23:11.197] [DEBUG] task - 1017066933852622850
[2018-07-12T01:23:12.827] [DEBUG] task - success 0 724225168860549120
[2018-07-12T01:23:18.569] [DEBUG] task - success 1 804583519183716353
[2018-07-12T01:23:24.395] [DEBUG] task - success 2 791129938506158080
[2018-07-12T01:23:30.215] [DEBUG] task - success 3 3196797619
[2018-07-12T01:23:36.069] [DEBUG] task - success 4 2925511730
[2018-07-12T01:23:41.780] [WARN] task - [ { code: 158, message: 'You can\'t follow yourself.' } ]
[2018-07-12T01:23:47.640] [DEBUG] task - success 6 1464117607
[2018-07-12T01:23:53.477] [DEBUG] task - success 7 2956602396
[2018-07-12T01:23:59.315] [DEBUG] task - success 8 2184646999
[2018-07-12T01:24:05.075] [DEBUG] task - success 9 1001996489441202176
[2018-07-12T01:24:10.819] [DEBUG] task - success 10 976383995360374784
[2018-07-12T02:36:33.748] [DEBUG] task - 1015272135986536448
[2018-07-12T02:36:35.454] [DEBUG] task - success 0 746693228305354752
[2018-07-12T02:36:41.374] [DEBUG] task - success 1 833367559848157184
[2018-07-12T02:36:47.178] [DEBUG] task - success 2 898116234402701313
[2018-07-12T02:36:52.964] [DEBUG] task - success 3 972843820210466816
[2018-07-12T02:36:58.882] [DEBUG] task - success 4 86470825
[2018-07-12T02:37:04.720] [DEBUG] task - success 5 263484995
[2018-07-12T02:37:10.709] [DEBUG] task - success 6 736754324722720768
[2018-07-12T02:37:16.498] [DEBUG] task - success 7 1005645826461294593
[2018-07-12T02:37:22.281] [DEBUG] task - success 8 1010557744414318593
[2018-07-12T02:37:28.075] [DEBUG] task - success 9 4906575980
[2018-07-12T02:37:39.234] [DEBUG] task - success 11 921382791543119872
[2018-07-12T02:37:44.979] [DEBUG] task - success 12 970104442899976192
[2018-07-12T02:37:56.153] [DEBUG] task - success 14 877763430597378048
[2018-07-12T02:38:01.905] [DEBUG] task - success 15 197512782
[2018-07-12T02:38:07.802] [DEBUG] task - success 16 914722969452036096
[2018-07-12T02:38:13.538] [DEBUG] task - success 17 820533437635252224
[2018-07-12T02:38:19.277] [DEBUG] task - success 18 48900334
[2018-07-12T02:38:25.090] [DEBUG] task - success 19 940825274698158084
[2018-07-12T02:38:30.825] [DEBUG] task - success 20 1480030928
[2018-07-12T02:38:36.619] [DEBUG] task - success 21 4757691972
[2018-07-12T02:38:42.354] [DEBUG] task - success 22 950848216005832704
[2018-07-12T02:38:48.277] [DEBUG] task - success 23 1001405415890931718
[2018-07-12T02:38:54.078] [DEBUG] task - success 24 2534783964
[2018-07-12T02:55:51.872] [DEBUG] task - 1017119458865786880
[2018-07-12T02:55:58.373] [WARN] task - [ { code: 158, message: 'You can\'t follow yourself.' } ]
[2018-07-12T03:00:03.338] [DEBUG] task - 1017119458865786880
[2018-07-12T03:00:10.017] [WARN] task - [ { code: 158, message: 'You can\'t follow yourself.' } ]
[2018-07-12T03:00:56.947] [DEBUG] task - 1016989689687887872
[2018-07-12T03:00:58.828] [DEBUG] task - success 0 454428711
[2018-07-12T03:01:04.597] [DEBUG] task - success 1 759943779054792704
[2018-07-12T03:01:10.381] [DEBUG] task - success 2 4603507520
[2018-07-12T03:01:16.146] [DEBUG] task - success 3 40147582
[2018-07-12T03:01:21.971] [DEBUG] task - success 4 1017002058522611712
[2018-07-12T03:01:27.709] [DEBUG] task - success 5 1002104379153895424
[2018-07-12T03:01:33.542] [DEBUG] task - success 6 837029971474309120
[2018-07-12T03:01:39.383] [DEBUG] task - success 7 971828932738625536
[2018-07-12T03:01:45.526] [DEBUG] task - success 8 3086511968
[2018-07-12T03:01:51.273] [DEBUG] task - success 9 1306674271
[2018-07-12T03:02:02.419] [DEBUG] task - success 11 4680950593
[2018-07-12T03:02:08.356] [DEBUG] task - success 12 982593796943724544
[2018-07-12T03:02:14.111] [DEBUG] task - success 13 979345410752835584
[2018-07-12T03:02:19.928] [DEBUG] task - success 14 996323009076985856
[2018-07-12T03:02:25.764] [DEBUG] task - success 15 3588447553
[2018-07-12T03:02:31.602] [DEBUG] task - success 16 1009003314497777664
[2018-07-12T03:02:37.347] [DEBUG] task - success 17 981117805264216065
[2018-07-12T03:02:43.298] [DEBUG] task - success 18 973418291824795651
[2018-07-12T03:02:49.112] [DEBUG] task - success 19 4757691972
[2018-07-12T03:02:54.760] [WARN] task - [ { code: 158, message: 'You can\'t follow yourself.' } ]
[2018-07-12T03:03:11.143] [DEBUG] task - success 23 1001774982223904768
[2018-07-12T23:23:46.389] [DEBUG] task - 1017405421835784193
[2018-07-12T23:23:53.085] [DEBUG] task - success 1 1612860942
[2018-07-12T23:24:09.403] [WARN] task - [ { code: 158, message: 'You can\'t follow yourself.' } ]
[2018-07-12T23:24:15.245] [DEBUG] task - success 5 4891109042
[2018-07-12T23:52:59.631] [DEBUG] task - success 934552917805289500
[2018-07-12T23:53:00.085] [DEBUG] task - success 949336641729998800
[2018-07-13T00:01:05.243] [DEBUG] task - 0 true false '949336641729998848'
[2018-07-13T00:01:08.577] [DEBUG] task - 1 true false '934552917805289472'
[2018-07-13T00:01:11.901] [DEBUG] task - 2 false false '4891109042'
[2018-07-13T00:01:12.843] [DEBUG] task - 0 'favoriting' '1017395633815056386'
[2018-07-13T00:01:13.259] [DEBUG] task - 1 'favoriting' '1017205772898394112'
[2018-07-13T00:01:13.693] [DEBUG] task - 2 'muting' '4891109042'
