[2018-08-01T01:30:44.989] [DEBUG] task - 0 true false '949820561017860096'
[2018-08-01T01:30:47.322] [DEBUG] task - 1 false false '974932116172521472'
[2018-08-01T01:30:49.244] [DEBUG] task - 1 'favoriting' '1024261656610660352'
[2018-08-01T01:30:50.666] [DEBUG] task - 3 'favoriting' '1024192224660094976'
[2018-08-01T01:30:52.096] [DEBUG] task - 1 'muting' '974932116172521472'
[2018-08-01T01:30:54.426] [DEBUG] task - 2 false false '986782657613709313'
[2018-08-01T01:30:56.608] [DEBUG] task - 0 'favoriting' '1023222858892242945'
[2018-08-01T01:30:58.119] [DEBUG] task - 1 'favoriting' '1021784732520992769'
[2018-08-01T01:30:59.529] [DEBUG] task - 2 'muting' '986782657613709313'
[2018-08-01T01:31:01.847] [DEBUG] task - 3 true false '928065735871496193'
[2018-08-01T01:31:04.177] [DEBUG] task - 4 false false '70355145'
[2018-08-01T01:31:06.176] [DEBUG] task - 1 'favoriting' '1024273201881210880'
[2018-08-01T01:31:07.643] [DEBUG] task - 3 'favoriting' '1023750707759869952'
[2018-08-01T01:31:09.038] [DEBUG] task - 4 'muting' '70355145'
[2018-08-01T01:31:11.364] [DEBUG] task - 5 false false '966264488126136320'
[2018-08-01T01:31:13.354] [DEBUG] task - 0 'favoriting' '1023243155158626304'
[2018-08-01T01:31:14.764] [DEBUG] task - 1 'favoriting' '1023026476700975105'
[2018-08-01T01:31:16.169] [DEBUG] task - 5 'muting' '966264488126136320'
[2018-08-01T01:31:18.498] [DEBUG] task - 6 false false '2472375296'
[2018-08-01T01:31:20.754] [DEBUG] task - 0 'favoriting' '1024133841831702528'
[2018-08-01T01:31:22.322] [DEBUG] task - 1 'favoriting' '1023812932080001024'
[2018-08-01T01:31:23.730] [DEBUG] task - 6 'muting' '2472375296'
[2018-08-01T01:31:26.050] [DEBUG] task - 7 true false '353672194'
[2018-08-01T01:31:28.404] [DEBUG] task - 8 false false '948733360867745792'
[2018-08-01T01:31:30.305] [DEBUG] task - 0 'favoriting' '1021565004942782464'
[2018-08-01T01:31:31.698] [DEBUG] task - 1 'favoriting' '1020908033864433664'
[2018-08-01T01:31:33.125] [DEBUG] task - 8 'muting' '948733360867745792'
[2018-08-01T01:31:35.441] [DEBUG] task - 9 false false '98848411'
[2018-08-01T01:31:37.695] [DEBUG] task - 0 'favoriting' '1022854294326861824'
[2018-08-01T01:31:39.096] [DEBUG] task - 1 'favoriting' '1006561254951956480'
[2018-08-01T01:31:40.532] [DEBUG] task - 9 'muting' '98848411'
[2018-08-01T01:31:43.092] [DEBUG] task - 10 false true '1245621907'
[2018-08-01T01:31:45.412] [DEBUG] task - 11 false false '1373737369'
[2018-08-01T01:31:47.588] [DEBUG] task - 0 'favoriting' '1023548633319272450'
[2018-08-01T01:31:48.974] [DEBUG] task - 1 'favoriting' '1023507065640108032'
[2018-08-01T01:31:50.374] [DEBUG] task - 11 'muting' '1373737369'
[2018-08-01T01:31:52.684] [DEBUG] task - 12 false false '972771205865398272'
[2018-08-01T01:31:54.746] [DEBUG] task - 0 'favoriting' '1024283593772810240'
[2018-08-01T01:31:56.281] [DEBUG] task - 1 'favoriting' '1024260923064770560'
[2018-08-01T01:31:57.689] [DEBUG] task - 12 'muting' '972771205865398272'
[2018-08-01T01:32:00.035] [DEBUG] task - 13 false false '997909008286547968'
[2018-08-01T01:32:01.981] [DEBUG] task - 0 'favoriting' '1024193495752265728'
[2018-08-01T01:32:03.589] [DEBUG] task - 1 'favoriting' '1024191670730932224'
[2018-08-01T01:32:04.989] [DEBUG] task - 13 'muting' '997909008286547968'
[2018-08-01T01:32:07.304] [DEBUG] task - 14 false false '841845619656290304'
[2018-08-01T01:32:09.165] [DEBUG] task - 1 'favoriting' '1023579010595401728'
[2018-08-01T01:32:10.586] [DEBUG] task - 2 'favoriting' '1023572757697585152'
[2018-08-01T01:32:12.035] [DEBUG] task - 14 'muting' '841845619656290304'
[2018-08-01T01:32:14.352] [DEBUG] task - 15 true false '3770310493'
[2018-08-01T01:32:16.896] [DEBUG] task - 16 true false '902829356841451521'
[2018-08-01T01:32:19.363] [DEBUG] task - 17 false false '2340311886'
[2018-08-01T01:32:21.367] [DEBUG] task - 0 'favoriting' '1020691017593311233'
[2018-08-01T01:32:22.855] [DEBUG] task - 1 'favoriting' '1020225032977461248'
[2018-08-01T01:32:24.359] [DEBUG] task - 17 'muting' '2340311886'
[2018-08-01T01:32:26.696] [DEBUG] task - 18 true false '909325851103182849'
[2018-08-01T01:32:29.043] [DEBUG] task - 19 true false '1013437568627531776'
[2018-08-01T01:32:31.357] [DEBUG] task - 20 false false '702892929451331584'
[2018-08-01T01:32:33.317] [DEBUG] task - 0 'favoriting' '1023890444722233345'
[2018-08-01T01:32:34.704] [DEBUG] task - 1 'favoriting' '1023345836598542336'
[2018-08-01T01:32:36.113] [DEBUG] task - 20 'muting' '702892929451331584'
[2018-08-01T01:32:38.426] [DEBUG] task - 21 true false '917269444807798784'
[2018-08-01T01:32:40.832] [DEBUG] task - 22 true false '800015456476090368'
[2018-08-01T01:32:43.149] [DEBUG] task - 23 true false '3271167228'
[2018-08-01T01:32:45.494] [DEBUG] task - 24 true false '3993063494'
[2018-08-01T01:32:47.835] [DEBUG] task - 25 false false '137857547'
[2018-08-01T01:32:49.813] [DEBUG] task - 4 'favoriting' '1023094000419463169'
[2018-08-01T01:32:51.277] [DEBUG] task - 5 'favoriting' '1023091523531857920'
[2018-08-01T01:32:52.689] [DEBUG] task - 25 'muting' '137857547'
[2018-08-01T01:32:55.011] [DEBUG] task - 26 false true '110909102'
[2018-08-01T01:32:57.326] [DEBUG] task - 27 true false '87205656'
[2018-08-01T01:32:59.647] [DEBUG] task - 28 false true '797057742577897472'
[2018-08-01T01:33:01.959] [DEBUG] task - 29 true false '885163185707261952'
[2018-08-01T01:33:04.291] [DEBUG] task - 30 false true '896520183300235264'
[2018-08-01T01:33:06.626] [DEBUG] task - 31 false true '5492192'
[2018-08-01T01:33:08.986] [DEBUG] task - 32 false true '6130742'
[2018-08-01T01:33:11.322] [DEBUG] task - 33 false true '975286124494036992'
[2018-08-01T01:33:13.660] [DEBUG] task - 34 true false '1014723375032225792'
[2018-08-01T01:33:15.977] [DEBUG] task - 35 false true '913232140778717184'
[2018-08-01T01:33:18.290] [DEBUG] task - 36 true false '1015419959546077185'
[2018-08-01T01:33:20.609] [DEBUG] task - 37 false true '1590838177'
[2018-08-01T01:33:22.941] [DEBUG] task - 38 true false '1459453274'
[2018-08-01T01:33:25.265] [DEBUG] task - 39 true false '951568626892521472'
[2018-08-01T01:33:27.704] [DEBUG] task - 40 true false '1425570211'
[2018-08-01T01:33:30.028] [DEBUG] task - 41 false true '541495166'
[2018-08-01T01:33:32.351] [DEBUG] task - 42 false true '799220857205768194'
[2018-08-01T01:33:34.668] [DEBUG] task - 43 false true '104902421'
[2018-08-01T01:33:37.012] [DEBUG] task - 44 false true '952917280165281793'
[2018-08-01T01:33:39.342] [DEBUG] task - 45 false true '927183537370828801'
[2018-08-01T01:33:41.679] [DEBUG] task - 46 true false '1022363038198902785'
[2018-08-01T01:33:44.032] [DEBUG] task - 47 false true '964438120253947904'
[2018-08-01T01:33:46.374] [DEBUG] task - 48 false true '2726777821'
[2018-08-01T01:33:48.682] [DEBUG] task - 49 true false '1010742989059002368'
[2018-08-01T01:33:51.024] [DEBUG] task - 50 false true '474944883'
[2018-08-01T01:33:53.405] [DEBUG] task - 51 true true '949452360215969792'
[2018-08-01T01:33:55.724] [DEBUG] task - 52 true false '711123847286640640'
[2018-08-01T01:33:58.069] [DEBUG] task - 53 true false '2716609729'
[2018-08-01T01:34:00.409] [DEBUG] task - 54 true false '982462112663351296'
[2018-08-01T01:34:03.746] [DEBUG] task - 55 true false '978826783591051264'
[2018-08-01T01:34:06.072] [DEBUG] task - 56 true false '980460040027959296'
[2018-08-01T01:34:08.398] [DEBUG] task - 57 true false '988196683874942976'
[2018-08-01T01:34:10.718] [DEBUG] task - 58 true false '992652164865523712'
[2018-08-01T01:34:13.049] [DEBUG] task - 59 true true '3023124722'
