[2018-07-15T16:35:08.590] [WARN] task - ReferenceError: client is not defined
    at twitterFav (/Users/suzukimasanao/dev/twitter/u-rikku.js:73:51)
    at Object.<anonymous> (/Users/suzukimasanao/dev/twitter/u-rikku.js:96:1)
    at Module._compile (module.js:652:30)
    at Object.Module._extensions..js (module.js:663:10)
    at Module.load (module.js:565:32)
    at tryModuleLoad (module.js:505:12)
    at Function.Module._load (module.js:497:3)
    at Function.Module.runMain (module.js:693:10)
    at startup (bootstrap_node.js:188:16)
    at bootstrap_node.js:609:3
[2018-07-15T16:38:22.180] [WARN] task - ReferenceError: client is not defined
    at twitterFav (/Users/suzukimasanao/dev/twitter/u-rikku.js:67:51)
    at Object.<anonymous> (/Users/suzukimasanao/dev/twitter/u-rikku.js:90:1)
    at Module._compile (module.js:652:30)
    at Object.Module._extensions..js (module.js:663:10)
    at Module.load (module.js:565:32)
    at tryModuleLoad (module.js:505:12)
    at Function.Module._load (module.js:497:3)
    at Function.Module.runMain (module.js:693:10)
    at startup (bootstrap_node.js:188:16)
    at bootstrap_node.js:609:3
[2018-07-15T16:39:01.211] [WARN] task - ReferenceError: client is not defined
    at twitterFav (/Users/suzukimasanao/dev/twitter/u-rikku.js:68:51)
    at Object.<anonymous> (/Users/suzukimasanao/dev/twitter/u-rikku.js:91:1)
    at Module._compile (module.js:652:30)
    at Object.Module._extensions..js (module.js:663:10)
    at Module.load (module.js:565:32)
    at tryModuleLoad (module.js:505:12)
    at Function.Module._load (module.js:497:3)
    at Function.Module.runMain (module.js:693:10)
    at startup (bootstrap_node.js:188:16)
    at bootstrap_node.js:609:3
[2018-07-15T16:51:22.715] [WARN] task - ReferenceError: client is not defined
    at twitterFav (/Users/suzukimasanao/dev/twitter/u-rikku.js:66:51)
    at Object.<anonymous> (/Users/suzukimasanao/dev/twitter/u-rikku.js:89:1)
    at Module._compile (module.js:652:30)
    at Object.Module._extensions..js (module.js:663:10)
    at Module.load (module.js:565:32)
    at tryModuleLoad (module.js:505:12)
    at Function.Module._load (module.js:497:3)
    at Function.Module.runMain (module.js:693:10)
    at startup (bootstrap_node.js:188:16)
    at bootstrap_node.js:609:3
[2018-07-15T16:52:05.794] [WARN] task - ReferenceError: client is not defined
    at twitterFav (/Users/suzukimasanao/dev/twitter/u-rikku.js:71:51)
    at Object.<anonymous> (/Users/suzukimasanao/dev/twitter/u-rikku.js:94:1)
    at Module._compile (module.js:652:30)
    at Object.Module._extensions..js (module.js:663:10)
    at Module.load (module.js:565:32)
    at tryModuleLoad (module.js:505:12)
    at Function.Module._load (module.js:497:3)
    at Function.Module.runMain (module.js:693:10)
    at startup (bootstrap_node.js:188:16)
    at bootstrap_node.js:609:3
[2018-07-15T16:52:11.843] [WARN] task - ReferenceError: client is not defined
    at twitterFav (/Users/suzukimasanao/dev/twitter/u-rikku.js:71:51)
    at Object.<anonymous> (/Users/suzukimasanao/dev/twitter/u-rikku.js:94:1)
    at Module._compile (module.js:652:30)
    at Object.Module._extensions..js (module.js:663:10)
    at Module.load (module.js:565:32)
    at tryModuleLoad (module.js:505:12)
    at Function.Module._load (module.js:497:3)
    at Function.Module.runMain (module.js:693:10)
    at startup (bootstrap_node.js:188:16)
    at bootstrap_node.js:609:3
[2018-07-15T16:58:26.477] [WARN] task - ReferenceError: client is not defined
    at twitterFav (/Users/suzukimasanao/dev/twitter/u-rikku.js:67:51)
    at Object.<anonymous> (/Users/suzukimasanao/dev/twitter/u-rikku.js:90:1)
    at Module._compile (module.js:652:30)
    at Object.Module._extensions..js (module.js:663:10)
    at Module.load (module.js:565:32)
    at tryModuleLoad (module.js:505:12)
    at Function.Module._load (module.js:497:3)
    at Function.Module.runMain (module.js:693:10)
    at startup (bootstrap_node.js:188:16)
    at bootstrap_node.js:609:3
[2018-07-15T17:00:05.017] [WARN] task - ReferenceError: client is not defined
    at twitterFav (/Users/suzukimasanao/dev/twitter/u-rikku.js:67:51)
    at Object.<anonymous> (/Users/suzukimasanao/dev/twitter/u-rikku.js:90:1)
    at Module._compile (module.js:652:30)
    at Object.Module._extensions..js (module.js:663:10)
    at Module.load (module.js:565:32)
    at tryModuleLoad (module.js:505:12)
    at Function.Module._load (module.js:497:3)
    at Function.Module.runMain (module.js:693:10)
    at startup (bootstrap_node.js:188:16)
    at bootstrap_node.js:609:3
[2018-07-15T17:01:05.972] [WARN] task - ReferenceError: client is not defined
    at twitterFav (/Users/suzukimasanao/dev/twitter/u-rikku.js:67:51)
    at Object.<anonymous> (/Users/suzukimasanao/dev/twitter/u-rikku.js:90:1)
    at Module._compile (module.js:652:30)
    at Object.Module._extensions..js (module.js:663:10)
    at Module.load (module.js:565:32)
    at tryModuleLoad (module.js:505:12)
    at Function.Module._load (module.js:497:3)
    at Function.Module.runMain (module.js:693:10)
    at startup (bootstrap_node.js:188:16)
    at bootstrap_node.js:609:3
[2018-07-15T22:12:31.011] [WARN] task - ReferenceError: client is not defined
    at twitterFav (/Users/suzukimasanao/dev/twitter/u-rikku.js:65:51)
    at Object.<anonymous> (/Users/suzukimasanao/dev/twitter/u-rikku.js:88:1)
    at Module._compile (module.js:652:30)
    at Object.Module._extensions..js (module.js:663:10)
    at Module.load (module.js:565:32)
    at tryModuleLoad (module.js:505:12)
    at Function.Module._load (module.js:497:3)
    at Function.Module.runMain (module.js:693:10)
    at startup (bootstrap_node.js:188:16)
    at bootstrap_node.js:609:3
[2018-07-15T22:13:20.397] [WARN] task - ReferenceError: client is not defined
    at twitterFav (/Users/suzukimasanao/dev/twitter/u-rikku.js:67:51)
    at Object.<anonymous> (/Users/suzukimasanao/dev/twitter/u-rikku.js:90:1)
    at Module._compile (module.js:652:30)
    at Object.Module._extensions..js (module.js:663:10)
    at Module.load (module.js:565:32)
    at tryModuleLoad (module.js:505:12)
    at Function.Module._load (module.js:497:3)
    at Function.Module.runMain (module.js:693:10)
    at startup (bootstrap_node.js:188:16)
    at bootstrap_node.js:609:3
[2018-07-15T22:14:19.743] [WARN] task - ReferenceError: client is not defined
    at twitterFav (/Users/suzukimasanao/dev/twitter/u-rikku.js:63:51)
    at Object.<anonymous> (/Users/suzukimasanao/dev/twitter/u-rikku.js:86:1)
    at Module._compile (module.js:652:30)
    at Object.Module._extensions..js (module.js:663:10)
    at Module.load (module.js:565:32)
    at tryModuleLoad (module.js:505:12)
    at Function.Module._load (module.js:497:3)
    at Function.Module.runMain (module.js:693:10)
    at startup (bootstrap_node.js:188:16)
    at bootstrap_node.js:609:3
[2018-07-15T22:14:35.090] [WARN] task - ReferenceError: client is not defined
    at twitterFav (/Users/suzukimasanao/dev/twitter/u-rikku.js:65:51)
    at Object.<anonymous> (/Users/suzukimasanao/dev/twitter/u-rikku.js:88:1)
    at Module._compile (module.js:652:30)
    at Object.Module._extensions..js (module.js:663:10)
    at Module.load (module.js:565:32)
    at tryModuleLoad (module.js:505:12)
    at Function.Module._load (module.js:497:3)
    at Function.Module.runMain (module.js:693:10)
    at startup (bootstrap_node.js:188:16)
    at bootstrap_node.js:609:3
[2018-07-15T22:15:28.391] [WARN] task - ReferenceError: client is not defined
    at twitterFav (/Users/suzukimasanao/dev/twitter/u-rikku.js:65:51)
    at Object.<anonymous> (/Users/suzukimasanao/dev/twitter/u-rikku.js:88:1)
    at Module._compile (module.js:652:30)
    at Object.Module._extensions..js (module.js:663:10)
    at Module.load (module.js:565:32)
    at tryModuleLoad (module.js:505:12)
    at Function.Module._load (module.js:497:3)
    at Function.Module.runMain (module.js:693:10)
    at startup (bootstrap_node.js:188:16)
    at bootstrap_node.js:609:3
[2018-07-15T22:16:53.250] [WARN] task - ReferenceError: client is not defined
    at twitterFav (/Users/suzukimasanao/dev/twitter/u-rikku.js:65:51)
    at Object.<anonymous> (/Users/suzukimasanao/dev/twitter/u-rikku.js:88:1)
    at Module._compile (module.js:652:30)
    at Object.Module._extensions..js (module.js:663:10)
    at Module.load (module.js:565:32)
    at tryModuleLoad (module.js:505:12)
    at Function.Module._load (module.js:497:3)
    at Function.Module.runMain (module.js:693:10)
    at startup (bootstrap_node.js:188:16)
    at bootstrap_node.js:609:3
[2018-07-15T22:17:33.911] [WARN] task - ReferenceError: client is not defined
    at twitterFav (/Users/suzukimasanao/dev/twitter/u-rikku.js:65:51)
    at Object.<anonymous> (/Users/suzukimasanao/dev/twitter/u-rikku.js:88:1)
    at Module._compile (module.js:652:30)
    at Object.Module._extensions..js (module.js:663:10)
    at Module.load (module.js:565:32)
    at tryModuleLoad (module.js:505:12)
    at Function.Module._load (module.js:497:3)
    at Function.Module.runMain (module.js:693:10)
    at startup (bootstrap_node.js:188:16)
    at bootstrap_node.js:609:3
[2018-07-15T22:19:32.004] [WARN] task - ReferenceError: client is not defined
    at twitterFav (/Users/suzukimasanao/dev/twitter/u-rikku.js:65:51)
    at Object.<anonymous> (/Users/suzukimasanao/dev/twitter/u-rikku.js:88:1)
    at Module._compile (module.js:652:30)
    at Object.Module._extensions..js (module.js:663:10)
    at Module.load (module.js:565:32)
    at tryModuleLoad (module.js:505:12)
    at Function.Module._load (module.js:497:3)
    at Function.Module.runMain (module.js:693:10)
    at startup (bootstrap_node.js:188:16)
    at bootstrap_node.js:609:3
[2018-07-15T22:20:43.327] [WARN] task - ReferenceError: client is not defined
    at twitterFav (/Users/suzukimasanao/dev/twitter/u-rikku.js:65:51)
    at Object.<anonymous> (/Users/suzukimasanao/dev/twitter/u-rikku.js:88:1)
    at Module._compile (module.js:652:30)
    at Object.Module._extensions..js (module.js:663:10)
    at Module.load (module.js:565:32)
    at tryModuleLoad (module.js:505:12)
    at Function.Module._load (module.js:497:3)
    at Function.Module.runMain (module.js:693:10)
    at startup (bootstrap_node.js:188:16)
    at bootstrap_node.js:609:3
[2018-07-15T22:33:30.020] [WARN] task - ReferenceError: client is not defined
    at twitterFav (/Users/suzukimasanao/dev/twitter/u-rikku.js:65:51)
    at Object.<anonymous> (/Users/suzukimasanao/dev/twitter/u-rikku.js:88:1)
    at Module._compile (module.js:652:30)
    at Object.Module._extensions..js (module.js:663:10)
    at Module.load (module.js:565:32)
    at tryModuleLoad (module.js:505:12)
    at Function.Module._load (module.js:497:3)
    at Function.Module.runMain (module.js:693:10)
    at startup (bootstrap_node.js:188:16)
    at bootstrap_node.js:609:3
[2018-07-15T22:36:49.566] [WARN] task - ReferenceError: client is not defined
    at twitterFav (/Users/suzukimasanao/dev/twitter/u-rikku.js:65:51)
    at Object.<anonymous> (/Users/suzukimasanao/dev/twitter/u-rikku.js:88:1)
    at Module._compile (module.js:652:30)
    at Object.Module._extensions..js (module.js:663:10)
    at Module.load (module.js:565:32)
    at tryModuleLoad (module.js:505:12)
    at Function.Module._load (module.js:497:3)
    at Function.Module.runMain (module.js:693:10)
    at startup (bootstrap_node.js:188:16)
    at bootstrap_node.js:609:3
[2018-07-15T22:37:45.883] [WARN] task - ReferenceError: client is not defined
    at twitterFav (/Users/suzukimasanao/dev/twitter/u-rikku.js:65:51)
    at Object.<anonymous> (/Users/suzukimasanao/dev/twitter/u-rikku.js:88:1)
    at Module._compile (module.js:652:30)
    at Object.Module._extensions..js (module.js:663:10)
    at Module.load (module.js:565:32)
    at tryModuleLoad (module.js:505:12)
    at Function.Module._load (module.js:497:3)
    at Function.Module.runMain (module.js:693:10)
    at startup (bootstrap_node.js:188:16)
    at bootstrap_node.js:609:3
[2018-07-15T22:41:22.681] [WARN] task - ReferenceError: client is not defined
    at twitterFav (/Users/suzukimasanao/dev/twitter/u-rikku.js:75:51)
    at Object.<anonymous> (/Users/suzukimasanao/dev/twitter/u-rikku.js:98:1)
    at Module._compile (module.js:652:30)
    at Object.Module._extensions..js (module.js:663:10)
    at Module.load (module.js:565:32)
    at tryModuleLoad (module.js:505:12)
    at Function.Module._load (module.js:497:3)
    at Function.Module.runMain (module.js:693:10)
    at startup (bootstrap_node.js:188:16)
    at bootstrap_node.js:609:3
[2018-07-19T01:35:13.992] [WARN] task - ReferenceError: client is not defined
    at twitterFav (/Users/suzukimasanao/dev/twitter/u-rikku.js:76:51)
    at Object.<anonymous> (/Users/suzukimasanao/dev/twitter/u-rikku.js:99:1)
    at Module._compile (module.js:652:30)
    at Object.Module._extensions..js (module.js:663:10)
    at Module.load (module.js:565:32)
    at tryModuleLoad (module.js:505:12)
    at Function.Module._load (module.js:497:3)
    at Function.Module.runMain (module.js:693:10)
    at startup (bootstrap_node.js:188:16)
    at bootstrap_node.js:609:3
[2018-07-19T02:30:37.288] [WARN] task - ReferenceError: client is not defined
    at twitterFav (/Users/suzukimasanao/dev/twitter/u-rikku.js:77:51)
    at Object.<anonymous> (/Users/suzukimasanao/dev/twitter/u-rikku.js:100:1)
    at Module._compile (module.js:652:30)
    at Object.Module._extensions..js (module.js:663:10)
    at Module.load (module.js:565:32)
    at tryModuleLoad (module.js:505:12)
    at Function.Module._load (module.js:497:3)
    at Function.Module.runMain (module.js:693:10)
    at startup (bootstrap_node.js:188:16)
    at bootstrap_node.js:609:3
[2018-07-19T02:35:02.581] [WARN] task - ReferenceError: client is not defined
    at twitterFav (/Users/suzukimasanao/dev/twitter/u-rikku.js:77:51)
    at Object.<anonymous> (/Users/suzukimasanao/dev/twitter/u-rikku.js:100:1)
    at Module._compile (module.js:652:30)
    at Object.Module._extensions..js (module.js:663:10)
    at Module.load (module.js:565:32)
    at tryModuleLoad (module.js:505:12)
    at Function.Module._load (module.js:497:3)
    at Function.Module.runMain (module.js:693:10)
    at startup (bootstrap_node.js:188:16)
    at bootstrap_node.js:609:3
[2018-07-19T02:35:46.078] [WARN] task - ReferenceError: client is not defined
    at twitterFav (/Users/suzukimasanao/dev/twitter/u-rikku.js:76:51)
    at Object.<anonymous> (/Users/suzukimasanao/dev/twitter/u-rikku.js:99:1)
    at Module._compile (module.js:652:30)
    at Object.Module._extensions..js (module.js:663:10)
    at Module.load (module.js:565:32)
    at tryModuleLoad (module.js:505:12)
    at Function.Module._load (module.js:497:3)
    at Function.Module.runMain (module.js:693:10)
    at startup (bootstrap_node.js:188:16)
    at bootstrap_node.js:609:3
[2018-07-19T02:36:44.315] [WARN] task - ReferenceError: client is not defined
    at twitterFav (/Users/suzukimasanao/dev/twitter/u-rikku.js:64:51)
    at Object.<anonymous> (/Users/suzukimasanao/dev/twitter/u-rikku.js:87:1)
    at Module._compile (module.js:652:30)
    at Object.Module._extensions..js (module.js:663:10)
    at Module.load (module.js:565:32)
    at tryModuleLoad (module.js:505:12)
    at Function.Module._load (module.js:497:3)
    at Function.Module.runMain (module.js:693:10)
    at startup (bootstrap_node.js:188:16)
    at bootstrap_node.js:609:3
[2018-07-21T16:12:30.596] [WARN] task - ReferenceError: client is not defined
    at twitterFav (/Users/suzukimasanao/dev/twitter/u-rikku.js:63:53)
    at Object.<anonymous> (/Users/suzukimasanao/dev/twitter/u-rikku.js:86:1)
    at Module._compile (module.js:652:30)
    at Object.Module._extensions..js (module.js:663:10)
    at Module.load (module.js:565:32)
    at tryModuleLoad (module.js:505:12)
    at Function.Module._load (module.js:497:3)
    at Function.Module.runMain (module.js:693:10)
    at startup (bootstrap_node.js:188:16)
    at bootstrap_node.js:609:3
[2018-07-21T16:24:25.693] [WARN] task - ReferenceError: client is not defined
    at twitterFav (/Users/suzukimasanao/dev/twitter/u-rikku.js:64:51)
    at Object.<anonymous> (/Users/suzukimasanao/dev/twitter/u-rikku.js:87:1)
    at Module._compile (module.js:652:30)
    at Object.Module._extensions..js (module.js:663:10)
    at Module.load (module.js:565:32)
    at tryModuleLoad (module.js:505:12)
    at Function.Module._load (module.js:497:3)
    at Function.Module.runMain (module.js:693:10)
    at startup (bootstrap_node.js:188:16)
    at bootstrap_node.js:609:3
[2018-07-21T16:25:08.245] [WARN] task - ReferenceError: client is not defined
    at twitterFav (/Users/suzukimasanao/dev/twitter/u-rikku.js:63:51)
    at Object.<anonymous> (/Users/suzukimasanao/dev/twitter/u-rikku.js:86:1)
    at Module._compile (module.js:652:30)
    at Object.Module._extensions..js (module.js:663:10)
    at Module.load (module.js:565:32)
    at tryModuleLoad (module.js:505:12)
    at Function.Module._load (module.js:497:3)
    at Function.Module.runMain (module.js:693:10)
    at startup (bootstrap_node.js:188:16)
    at bootstrap_node.js:609:3
[2018-07-21T16:51:09.240] [WARN] task - ReferenceError: client is not defined
    at twitterFav (/Users/suzukimasanao/dev/twitter/u-rikku.js:63:51)
    at Object.<anonymous> (/Users/suzukimasanao/dev/twitter/u-rikku.js:86:1)
    at Module._compile (module.js:652:30)
    at Object.Module._extensions..js (module.js:663:10)
    at Module.load (module.js:565:32)
    at tryModuleLoad (module.js:505:12)
    at Function.Module._load (module.js:497:3)
    at Function.Module.runMain (module.js:693:10)
    at startup (bootstrap_node.js:188:16)
    at bootstrap_node.js:609:3
[2018-07-21T16:51:30.313] [WARN] task - ReferenceError: client is not defined
    at twitterFav (/Users/suzukimasanao/dev/twitter/u-rikku.js:64:51)
    at Object.<anonymous> (/Users/suzukimasanao/dev/twitter/u-rikku.js:87:1)
    at Module._compile (module.js:652:30)
    at Object.Module._extensions..js (module.js:663:10)
    at Module.load (module.js:565:32)
    at tryModuleLoad (module.js:505:12)
    at Function.Module._load (module.js:497:3)
    at Function.Module.runMain (module.js:693:10)
    at startup (bootstrap_node.js:188:16)
    at bootstrap_node.js:609:3
[2018-07-21T16:51:46.132] [WARN] task - ReferenceError: client is not defined
    at twitterFav (/Users/suzukimasanao/dev/twitter/u-rikku.js:64:51)
    at Object.<anonymous> (/Users/suzukimasanao/dev/twitter/u-rikku.js:87:1)
    at Module._compile (module.js:652:30)
    at Object.Module._extensions..js (module.js:663:10)
    at Module.load (module.js:565:32)
    at tryModuleLoad (module.js:505:12)
    at Function.Module._load (module.js:497:3)
    at Function.Module.runMain (module.js:693:10)
    at startup (bootstrap_node.js:188:16)
    at bootstrap_node.js:609:3
[2018-07-21T17:02:10.882] [WARN] task - ReferenceError: client is not defined
    at twitterFav (/Users/suzukimasanao/dev/twitter/u-rikku.js:64:51)
    at Object.<anonymous> (/Users/suzukimasanao/dev/twitter/u-rikku.js:87:1)
    at Module._compile (module.js:652:30)
    at Object.Module._extensions..js (module.js:663:10)
    at Module.load (module.js:565:32)
    at tryModuleLoad (module.js:505:12)
    at Function.Module._load (module.js:497:3)
    at Function.Module.runMain (module.js:693:10)
    at startup (bootstrap_node.js:188:16)
    at bootstrap_node.js:609:3
[2018-07-21T17:36:44.422] [WARN] task - ReferenceError: client is not defined
    at twitterFav (/Users/suzukimasanao/dev/twitter/u-rikku.js:65:51)
    at Object.<anonymous> (/Users/suzukimasanao/dev/twitter/u-rikku.js:88:1)
    at Module._compile (module.js:652:30)
    at Object.Module._extensions..js (module.js:663:10)
    at Module.load (module.js:565:32)
    at tryModuleLoad (module.js:505:12)
    at Function.Module._load (module.js:497:3)
    at Function.Module.runMain (module.js:693:10)
    at startup (bootstrap_node.js:188:16)
    at bootstrap_node.js:609:3
[2018-07-21T17:37:37.363] [WARN] task - ReferenceError: client is not defined
    at twitterFav (/Users/suzukimasanao/dev/twitter/u-rikku.js:65:51)
    at Object.<anonymous> (/Users/suzukimasanao/dev/twitter/u-rikku.js:88:1)
    at Module._compile (module.js:652:30)
    at Object.Module._extensions..js (module.js:663:10)
    at Module.load (module.js:565:32)
    at tryModuleLoad (module.js:505:12)
    at Function.Module._load (module.js:497:3)
    at Function.Module.runMain (module.js:693:10)
    at startup (bootstrap_node.js:188:16)
    at bootstrap_node.js:609:3
[2018-07-21T17:55:49.956] [WARN] task - [ { code: 32, message: 'Could not authenticate you.' } ]
[2018-07-21T17:59:24.699] [WARN] task - [ { code: 32, message: 'Could not authenticate you.' } ]
[2018-07-21T18:01:20.607] [WARN] task - [ { code: 32, message: 'Could not authenticate you.' } ]
[2018-07-21T18:05:38.382] [WARN] task - [ { code: 32, message: 'Could not authenticate you.' } ]
[2018-07-21T18:05:38.684] [WARN] task - [ { code: 32, message: 'Could not authenticate you.' } ]
[2018-07-21T18:05:38.986] [WARN] task - [ { code: 32, message: 'Could not authenticate you.' } ]
[2018-07-21T18:07:06.862] [WARN] task - [ { code: 32, message: 'Could not authenticate you.' } ]
[2018-07-21T18:07:07.161] [WARN] task - [ { code: 32, message: 'Could not authenticate you.' } ]
[2018-07-21T18:07:07.458] [WARN] task - [ { code: 32, message: 'Could not authenticate you.' } ]
[2018-07-21T18:09:47.786] [WARN] task - [ { code: 32, message: 'Could not authenticate you.' } ]
[2018-07-21T18:09:48.096] [WARN] task - [ { code: 32, message: 'Could not authenticate you.' } ]
[2018-07-21T18:09:48.399] [WARN] task - [ { code: 32, message: 'Could not authenticate you.' } ]
[2018-07-25T19:45:38.272] [WARN] task - { Error: connect ECONNREFUSED 127.0.0.1:3306
    at Object._errnoException (util.js:1022:11)
    at _exceptionWithHostPort (util.js:1044:20)
    at TCPConnectWrap.afterConnect [as oncomplete] (net.js:1198:14)
    --------------------
    at Protocol._enqueue (/Users/suzukimasanao/dev/twitter/node_modules/mysql/lib/protocol/Protocol.js:145:48)
    at Protocol.handshake (/Users/suzukimasanao/dev/twitter/node_modules/mysql/lib/protocol/Protocol.js:52:23)
    at Connection.connect (/Users/suzukimasanao/dev/twitter/node_modules/mysql/lib/Connection.js:130:18)
    at connect (/Users/suzukimasanao/dev/twitter/node_modules/promise-mysql/lib/connection.js:18:33)
    at /Users/suzukimasanao/dev/twitter/node_modules/promise-mysql/lib/connection.js:52:9
    at Promise._execute (/Users/suzukimasanao/dev/twitter/node_modules/bluebird/js/release/debuggability.js:303:9)
    at Promise._resolveFromExecutor (/Users/suzukimasanao/dev/twitter/node_modules/bluebird/js/release/promise.js:483:18)
    at new Promise (/Users/suzukimasanao/dev/twitter/node_modules/bluebird/js/release/promise.js:79:10)
    at new connection (/Users/suzukimasanao/dev/twitter/node_modules/promise-mysql/lib/connection.js:51:12)
    at Object.exports.createConnection (/Users/suzukimasanao/dev/twitter/node_modules/promise-mysql/index.js:6:12)
    at twitterFav (/Users/suzukimasanao/dev/twitter/u-rikku.js:55:36)
    at Object.<anonymous> (/Users/suzukimasanao/dev/twitter/u-rikku.js:85:1)
    at Module._compile (module.js:652:30)
    at Object.Module._extensions..js (module.js:663:10)
    at Module.load (module.js:565:32)
    at tryModuleLoad (module.js:505:12)
  code: 'ECONNREFUSED',
  errno: 'ECONNREFUSED',
  syscall: 'connect',
  address: '127.0.0.1',
  port: 3306,
  fatal: true }
[2018-07-25T19:47:06.617] [WARN] task - { Error: connect ECONNREFUSED 127.0.0.1:3306
    at Object._errnoException (util.js:1022:11)
    at _exceptionWithHostPort (util.js:1044:20)
    at TCPConnectWrap.afterConnect [as oncomplete] (net.js:1198:14)
    --------------------
    at Protocol._enqueue (/Users/suzukimasanao/dev/twitter/node_modules/mysql/lib/protocol/Protocol.js:145:48)
    at Protocol.handshake (/Users/suzukimasanao/dev/twitter/node_modules/mysql/lib/protocol/Protocol.js:52:23)
    at Connection.connect (/Users/suzukimasanao/dev/twitter/node_modules/mysql/lib/Connection.js:130:18)
    at connect (/Users/suzukimasanao/dev/twitter/node_modules/promise-mysql/lib/connection.js:18:33)
    at /Users/suzukimasanao/dev/twitter/node_modules/promise-mysql/lib/connection.js:52:9
    at Promise._execute (/Users/suzukimasanao/dev/twitter/node_modules/bluebird/js/release/debuggability.js:303:9)
    at Promise._resolveFromExecutor (/Users/suzukimasanao/dev/twitter/node_modules/bluebird/js/release/promise.js:483:18)
    at new Promise (/Users/suzukimasanao/dev/twitter/node_modules/bluebird/js/release/promise.js:79:10)
    at new connection (/Users/suzukimasanao/dev/twitter/node_modules/promise-mysql/lib/connection.js:51:12)
    at Object.exports.createConnection (/Users/suzukimasanao/dev/twitter/node_modules/promise-mysql/index.js:6:12)
    at twitterFav (/Users/suzukimasanao/dev/twitter/u-rikku.js:55:36)
    at Object.<anonymous> (/Users/suzukimasanao/dev/twitter/u-rikku.js:85:1)
    at Module._compile (module.js:652:30)
    at Object.Module._extensions..js (module.js:663:10)
    at Module.load (module.js:565:32)
    at tryModuleLoad (module.js:505:12)
  code: 'ECONNREFUSED',
  errno: 'ECONNREFUSED',
  syscall: 'connect',
  address: '127.0.0.1',
  port: 3306,
  fatal: true }
[2018-07-25T19:47:30.504] [WARN] task - { Error: connect ECONNREFUSED 127.0.0.1:3306
    at Object._errnoException (util.js:1022:11)
    at _exceptionWithHostPort (util.js:1044:20)
    at TCPConnectWrap.afterConnect [as oncomplete] (net.js:1198:14)
    --------------------
    at Protocol._enqueue (/Users/suzukimasanao/dev/twitter/node_modules/mysql/lib/protocol/Protocol.js:145:48)
    at Protocol.handshake (/Users/suzukimasanao/dev/twitter/node_modules/mysql/lib/protocol/Protocol.js:52:23)
    at Connection.connect (/Users/suzukimasanao/dev/twitter/node_modules/mysql/lib/Connection.js:130:18)
    at connect (/Users/suzukimasanao/dev/twitter/node_modules/promise-mysql/lib/connection.js:18:33)
    at /Users/suzukimasanao/dev/twitter/node_modules/promise-mysql/lib/connection.js:52:9
    at Promise._execute (/Users/suzukimasanao/dev/twitter/node_modules/bluebird/js/release/debuggability.js:303:9)
    at Promise._resolveFromExecutor (/Users/suzukimasanao/dev/twitter/node_modules/bluebird/js/release/promise.js:483:18)
    at new Promise (/Users/suzukimasanao/dev/twitter/node_modules/bluebird/js/release/promise.js:79:10)
    at new connection (/Users/suzukimasanao/dev/twitter/node_modules/promise-mysql/lib/connection.js:51:12)
    at Object.exports.createConnection (/Users/suzukimasanao/dev/twitter/node_modules/promise-mysql/index.js:6:12)
    at twitterFav (/Users/suzukimasanao/dev/twitter/u-rikku.js:55:36)
    at Object.<anonymous> (/Users/suzukimasanao/dev/twitter/u-rikku.js:85:1)
    at Module._compile (module.js:652:30)
    at Object.Module._extensions..js (module.js:663:10)
    at Module.load (module.js:565:32)
    at tryModuleLoad (module.js:505:12)
  code: 'ECONNREFUSED',
  errno: 'ECONNREFUSED',
  syscall: 'connect',
  address: '127.0.0.1',
  port: 3306,
  fatal: true }
[2018-07-25T19:50:02.083] [WARN] task - { Error: connect ECONNREFUSED 127.0.0.1:3306
    at Object._errnoException (util.js:1022:11)
    at _exceptionWithHostPort (util.js:1044:20)
    at TCPConnectWrap.afterConnect [as oncomplete] (net.js:1198:14)
    --------------------
    at Protocol._enqueue (/Users/suzukimasanao/dev/twitter/node_modules/mysql/lib/protocol/Protocol.js:145:48)
    at Protocol.handshake (/Users/suzukimasanao/dev/twitter/node_modules/mysql/lib/protocol/Protocol.js:52:23)
    at Connection.connect (/Users/suzukimasanao/dev/twitter/node_modules/mysql/lib/Connection.js:130:18)
    at connect (/Users/suzukimasanao/dev/twitter/node_modules/promise-mysql/lib/connection.js:18:33)
    at /Users/suzukimasanao/dev/twitter/node_modules/promise-mysql/lib/connection.js:52:9
    at Promise._execute (/Users/suzukimasanao/dev/twitter/node_modules/bluebird/js/release/debuggability.js:303:9)
    at Promise._resolveFromExecutor (/Users/suzukimasanao/dev/twitter/node_modules/bluebird/js/release/promise.js:483:18)
    at new Promise (/Users/suzukimasanao/dev/twitter/node_modules/bluebird/js/release/promise.js:79:10)
    at new connection (/Users/suzukimasanao/dev/twitter/node_modules/promise-mysql/lib/connection.js:51:12)
    at Object.exports.createConnection (/Users/suzukimasanao/dev/twitter/node_modules/promise-mysql/index.js:6:12)
    at twitterFav (/Users/suzukimasanao/dev/twitter/u-rikku.js:55:36)
    at Object.<anonymous> (/Users/suzukimasanao/dev/twitter/u-rikku.js:85:1)
    at Module._compile (module.js:652:30)
    at Object.Module._extensions..js (module.js:663:10)
    at Module.load (module.js:565:32)
    at tryModuleLoad (module.js:505:12)
  code: 'ECONNREFUSED',
  errno: 'ECONNREFUSED',
  syscall: 'connect',
  address: '127.0.0.1',
  port: 3306,
  fatal: true }
