[2018-07-28T02:29:42.263] [DEBUG] task - 0 false false '474944883'
[2018-07-28T02:29:45.639] [DEBUG] task - 1 false true '117292422'
[2018-07-28T02:29:46.108] [DEBUG] task - success 1 117292422
[2018-07-28T02:29:49.482] [DEBUG] task - 2 false true '4650515233'
[2018-07-28T02:29:49.922] [DEBUG] task - success 2 4650515233
[2018-07-28T02:29:53.315] [DEBUG] task - 3 false true '2226062611'
[2018-07-28T02:29:53.796] [DEBUG] task - success 3 2226062611
[2018-07-28T02:29:57.172] [DEBUG] task - 4 false true '2484894895'
[2018-07-28T02:29:57.656] [DEBUG] task - success 4 2484894895
[2018-07-28T02:30:01.065] [DEBUG] task - 5 true true '949452360215969792'
[2018-07-28T02:30:04.444] [DEBUG] task - 6 false true '104651140'
[2018-07-28T02:30:04.887] [DEBUG] task - success 6 104651140
[2018-07-28T02:30:08.261] [DEBUG] task - 7 false true '1245621907'
[2018-07-28T02:30:08.815] [DEBUG] task - success 7 1245621907
[2018-07-28T02:30:12.266] [DEBUG] task - 8 true false '711123847286640640'
[2018-07-28T02:30:15.641] [DEBUG] task - 9 false true '2399752957'
[2018-07-28T02:30:16.190] [DEBUG] task - success 9 2399752957
[2018-07-28T02:30:19.556] [DEBUG] task - 10 false true '3151590476'
[2018-07-28T02:30:20.079] [DEBUG] task - success 10 3151590476
[2018-07-28T02:30:23.459] [DEBUG] task - 11 false true '935418625434927104'
[2018-07-28T02:30:23.929] [DEBUG] task - success 11 935418625434927104
[2018-07-28T02:30:27.313] [DEBUG] task - 12 true false '2716609729'
[2018-07-28T02:30:30.687] [DEBUG] task - 13 true false '982462112663351296'
[2018-07-28T02:30:34.079] [DEBUG] task - 14 true false '978826783591051264'
[2018-07-28T02:30:37.466] [DEBUG] task - 15 false true '214372352'
[2018-07-28T02:30:38.000] [DEBUG] task - success 15 214372352
[2018-07-28T02:30:41.389] [DEBUG] task - 16 true false '980460040027959296'
[2018-07-28T02:30:44.762] [DEBUG] task - 17 false true '3159916466'
[2018-07-28T02:30:45.269] [DEBUG] task - success 17 3159916466
[2018-07-28T02:30:48.666] [DEBUG] task - 18 false true '136538428'
[2018-07-28T02:30:49.294] [DEBUG] task - success 18 136538428
[2018-07-28T02:30:52.695] [DEBUG] task - 19 true false '988196683874942976'
[2018-07-28T02:30:56.065] [DEBUG] task - 20 false true '2451373939'
[2018-07-28T02:30:56.541] [DEBUG] task - success 20 2451373939
[2018-07-28T02:30:59.948] [DEBUG] task - 21 false true '1000946218145464320'
[2018-07-28T02:31:00.447] [DEBUG] task - success 21 1000946218145464320
[2018-07-28T02:31:03.874] [DEBUG] task - 22 true false '992652164865523712'
[2018-07-28T02:31:07.247] [DEBUG] task - 23 false true '1003845018698711040'
[2018-07-28T02:31:07.799] [DEBUG] task - success 23 1003845018698711040
[2018-07-28T02:31:11.176] [DEBUG] task - 24 true true '3023124722'
[2018-07-28T02:31:14.567] [DEBUG] task - 25 false true '967601277923246081'
[2018-07-28T02:31:15.037] [DEBUG] task - success 25 967601277923246081
[2018-07-28T02:31:18.406] [DEBUG] task - 26 false true '957986379731894273'
[2018-07-28T02:31:18.854] [DEBUG] task - success 26 957986379731894273
[2018-07-28T02:31:22.251] [DEBUG] task - 27 false true '934676572782473216'
[2018-07-28T02:31:22.755] [DEBUG] task - success 27 934676572782473216
[2018-07-28T02:31:26.127] [DEBUG] task - 28 false true '1003459998687494144'
[2018-07-28T02:31:26.639] [DEBUG] task - success 28 1003459998687494144
[2018-07-28T02:31:30.023] [DEBUG] task - 29 true false '2496511436'
[2018-07-28T02:31:33.394] [DEBUG] task - 30 false true '3238810965'
[2018-07-28T02:31:33.909] [DEBUG] task - success 30 3238810965
[2018-07-28T02:31:37.313] [DEBUG] task - 31 false true '3075841406'
[2018-07-28T02:31:37.800] [DEBUG] task - success 31 3075841406
[2018-07-28T02:31:41.195] [DEBUG] task - 32 false true '2974984447'
[2018-07-28T02:31:41.794] [DEBUG] task - success 32 2974984447
[2018-07-28T02:31:45.371] [DEBUG] task - 33 false true '1552343376'
[2018-07-28T02:31:45.890] [DEBUG] task - success 33 1552343376
[2018-07-28T02:31:49.268] [DEBUG] task - 34 false true '856668987555323905'
[2018-07-28T02:31:49.799] [DEBUG] task - success 34 856668987555323905
[2018-07-28T02:31:53.169] [DEBUG] task - 35 true false '1002551256039034885'
[2018-07-28T02:31:56.593] [DEBUG] task - 36 false true '1018360979917139969'
[2018-07-28T02:31:57.045] [DEBUG] task - success 36 1018360979917139969
[2018-07-28T02:32:00.418] [DEBUG] task - 37 false true '981054386951434240'
[2018-07-28T02:32:00.942] [DEBUG] task - success 37 981054386951434240
[2018-07-28T02:32:04.326] [DEBUG] task - 38 true false '2392853624'
[2018-07-28T02:32:07.701] [DEBUG] task - 39 false true '1000644592960602112'
[2018-07-28T02:32:08.212] [DEBUG] task - success 39 1000644592960602112
[2018-07-28T02:32:11.590] [DEBUG] task - 40 false true '733057855809413120'
[2018-07-28T02:32:12.104] [DEBUG] task - success 40 733057855809413120
[2018-07-28T02:32:15.488] [DEBUG] task - 41 true false '945957621571338241'
[2018-07-28T02:32:18.923] [DEBUG] task - 42 false false '1009747273150951426'
[2018-07-28T02:32:22.296] [DEBUG] task - 43 true false '1348937503'
